<?xml version="1.0" encoding="UTF-8"?>
<testsuites name="dotnet" tests="1" time="0.000">
  <testsuite name="Get data" id="0be2e444-960c-4ddb-be55-91aa0d9e90d7" timestamp="2024-06-20T08:17:14.963Z" tests="2" failures="2" errors="1" time="0.000">
    <system-err><![CDATA[Iteration: 0
RequestError: Error: getaddrinfo ENOTFOUND dotnet
    at GetAddrInfoReqWrap.onlookup [as oncomplete] (node:dns:109:26)

---
]]></system-err>
    <testcase name="Status code is 200" time="0.000" classname="Dotnet">
      <failure type="AssertionFailure" message="expected PostmanResponse{ …(5) } to have property 'code'">
        <![CDATA[Failed 1 times.]]>
        <![CDATA[Collection JSON ID: acc4943f-1787-4f59-a46c-99cda7bf5a7c.]]>
        <![CDATA[Collection name: dotnet.]]>
        <![CDATA[Request name: Get data.]]>
        <![CDATA[Test description: Status code is 200.]]>
        <![CDATA[Error message: expected PostmanResponse{ …(5) } to have property 'code'.]]>
        <![CDATA[Stacktrace: AssertionError: expected PostmanResponse{ …(5) } to have property 'code'
   at Object.eval sandbox-script.js:1:1).]]>
      </failure>
    </testcase>
    <testcase name="Response schema is valid" time="0.000" classname="Dotnet">
      <failure type="AssertionFailure" message="Unexpected token u in JSON at position 0">
        <![CDATA[Failed 1 times.]]>
        <![CDATA[Collection JSON ID: acc4943f-1787-4f59-a46c-99cda7bf5a7c.]]>
        <![CDATA[Collection name: dotnet.]]>
        <![CDATA[Request name: Get data.]]>
        <![CDATA[Test description: Response schema is valid.]]>
        <![CDATA[Error message: Unexpected token u in JSON at position 0.]]>
        <![CDATA[Stacktrace: JSONError: Unexpected token u in JSON at position 0
   at Object.eval sandbox-script.js:2:1).]]>
      </failure>
    </testcase>
  </testsuite>
</testsuites>